shopSmallApp/android/app/build/intermediates/manifest_merge_blame_file/debug/manifest-merger-blame-debug-report.txt
1<?xml version="1.0" encoding="utf-8"?>
2<manifest xmlns:android="http://schemas.android.com/apk/res/android"
3    package="com.shopsmallapp"
4    android:versionCode="1"
5    android:versionName="1.0" >
6
7    <uses-sdk
8        android:minSdkVersion="16"
9        android:targetSdkVersion="28" />
10
11    <uses-permission android:name="android.permission.SYSTEM_ALERT_WINDOW" />
11-->src/debug/AndroidManifest.xml:5:5-77
11-->src/debug/AndroidManifest.xml:5:22-75
12    <uses-permission android:name="android.permission.INTERNET" />
12-->src/main/AndroidManifest.xml:4:5-66
12-->src/main/AndroidManifest.xml:4:22-64
13    <uses-permission android:name="android.permission.ACCESS_WIFI_STATE" /> <!-- Required by older versions of Google Play services to create IID tokens -->
13-->[com.facebook.flipper:flipper:0.33.1] AndroidManifest.xml:16:5-76
13-->[com.facebook.flipper:flipper:0.33.1] AndroidManifest.xml:16:22-73
14    <uses-permission android:name="com.google.android.c2dm.permission.RECEIVE" />
14-->[com.google.android.gms:play-services-iid:17.0.0] AndroidManifest.xml:23:5-82
14-->[com.google.android.gms:play-services-iid:17.0.0] AndroidManifest.xml:23:22-79
15    <uses-permission android:name="com.google.android.finsky.permission.BIND_GET_INSTALL_REFERRER_SERVICE" />
15-->[com.android.installreferrer:installreferrer:1.1.2] AndroidManifest.xml:9:5-110
15-->[com.android.installreferrer:installreferrer:1.1.2] AndroidManifest.xml:9:22-107
16
17    <application
17-->src/main/AndroidManifest.xml:6:5-29:19
18        android:name="com.shopsmallapp.MainApplication"
18-->src/main/AndroidManifest.xml:7:13-44
19        android:allowBackup="false"
19-->src/main/AndroidManifest.xml:11:13-40
20        android:appComponentFactory="androidx.core.app.CoreComponentFactory"
20-->[androidx.core:core:1.1.0] AndroidManifest.xml:24:18-86
21        android:debuggable="true"
22        android:icon="@mipmap/ic_launcher"
22-->src/main/AndroidManifest.xml:9:13-47
23        android:label="@string/app_name"
23-->src/main/AndroidManifest.xml:8:13-45
24        android:roundIcon="@mipmap/ic_launcher_round"
24-->src/main/AndroidManifest.xml:10:13-58
25        android:theme="@style/AppTheme"
25-->src/main/AndroidManifest.xml:12:13-44
26        android:usesCleartextTraffic="true" >
26-->src/debug/AndroidManifest.xml:7:18-53
27        <meta-data
27-->src/main/AndroidManifest.xml:13:9-15:74
28            android:name="com.google.android.geo.API_KEY"
28-->src/main/AndroidManifest.xml:14:17-62
29            android:value="AIzaSyA8dm9qcxSK8vEyRT58HIG2tDmGBIdU9Hs" />
29-->src/main/AndroidManifest.xml:15:17-72
30
31        <uses-library
31-->src/main/AndroidManifest.xml:16:9-87
32            android:name="org.apache.http.legacy"
32-->src/main/AndroidManifest.xml:16:23-60
33            android:required="false" />
33-->src/main/AndroidManifest.xml:16:61-85
34
35        <activity
35-->src/main/AndroidManifest.xml:17:9-27:20
36            android:name="com.shopsmallapp.MainActivity"
36-->src/main/AndroidManifest.xml:18:17-45
37            android:configChanges="keyboard|keyboardHidden|orientation|screenSize|uiMode"
37-->src/main/AndroidManifest.xml:20:17-94
38            android:label="@string/app_name"
38-->src/main/AndroidManifest.xml:19:17-49
39            android:launchMode="singleTask"
39-->src/main/AndroidManifest.xml:21:17-48
40            android:windowSoftInputMode="adjustResize" >
40-->src/main/AndroidManifest.xml:22:17-59
41            <intent-filter>
41-->src/main/AndroidManifest.xml:23:13-26:29
42                <action android:name="android.intent.action.MAIN" />
42-->src/main/AndroidManifest.xml:24:17-68
42-->src/main/AndroidManifest.xml:24:25-66
43
44                <category android:name="android.intent.category.LAUNCHER" />
44-->src/main/AndroidManifest.xml:25:17-76
44-->src/main/AndroidManifest.xml:25:27-74
45            </intent-filter>
46        </activity>
47        <activity android:name="com.facebook.react.devsupport.DevSettingsActivity" />
47-->src/main/AndroidManifest.xml:28:9-85
47-->src/main/AndroidManifest.xml:28:19-83
48
49        <receiver
49-->[:react-native-device-info] AndroidManifest.xml:13:9-21:20
50            android:name="com.learnium.RNDeviceInfo.RNDeviceReceiver"
50-->[:react-native-device-info] AndroidManifest.xml:14:13-70
51            android:enabled="true"
51-->[:react-native-device-info] AndroidManifest.xml:15:13-35
52            android:exported="true" >
52-->[:react-native-device-info] AndroidManifest.xml:16:13-36
53            <intent-filter>
53-->[:react-native-device-info] AndroidManifest.xml:18:13-20:29
54                <action android:name="com.android.vending.INSTALL_REFERRER" />
54-->[:react-native-device-info] AndroidManifest.xml:19:17-79
54-->[:react-native-device-info] AndroidManifest.xml:19:25-76
55            </intent-filter>
56        </receiver>
57
58        <activity
58-->[com.google.android.gms:play-services-base:17.0.0] AndroidManifest.xml:23:9-26:75
59            android:name="com.google.android.gms.common.api.GoogleApiActivity"
59-->[com.google.android.gms:play-services-base:17.0.0] AndroidManifest.xml:24:13-79
60            android:exported="false"
60-->[com.google.android.gms:play-services-base:17.0.0] AndroidManifest.xml:25:13-37
61            android:theme="@android:style/Theme.Translucent.NoTitleBar" />
61-->[com.google.android.gms:play-services-base:17.0.0] AndroidManifest.xml:26:13-72
62
63        <meta-data
63-->[com.google.android.gms:play-services-basement:17.0.0] AndroidManifest.xml:23:9-25:69
64            android:name="com.google.android.gms.version"
64-->[com.google.android.gms:play-services-basement:17.0.0] AndroidManifest.xml:24:13-58
65            android:value="@integer/google_play_services_version" />
65-->[com.google.android.gms:play-services-basement:17.0.0] AndroidManifest.xml:25:13-66
66    </application>
67
68</manifest>